#
# There is insufficient memory for the Java Runtime Environment to continue.
# Native memory allocation (malloc) failed to allocate 1331056 bytes for Chunk::new
# Possible reasons:
#   The system is out of physical RAM or swap space
#   The process is running with CompressedOops enabled, and the Java Heap may be blocking the growth of the native heap
# Possible solutions:
#   Reduce memory load on the system
#   Increase physical memory or swap space
#   Check if swap backing store is full
#   Decrease Java heap size (-Xmx/-Xms)
#   Decrease number of Java threads
#   Decrease Java thread stack sizes (-Xss)
#   Set larger code cache with -XX:ReservedCodeCacheSize=
#   JVM is running with Unscaled Compressed Oops mode in which the Java heap is
#     placed in the first 4GB address space. The Java Heap base address is the
#     maximum limit for the native heap growth. Please use -XX:HeapBaseMinAddress
#     to set the Java Heap base and to place the Java Heap above 4GB virtual address.
# This output file may be truncated or incomplete.
#
#  Out of Memory Error (arena.cpp:189), pid=21760, tid=23784
#
# JRE version: OpenJDK Runtime Environment Microsoft-8035246 (17.0.8+7) (build 17.0.8+7-LTS)
# Java VM: OpenJDK 64-Bit Server VM Microsoft-8035246 (17.0.8+7-LTS, mixed mode, sharing, tiered, compressed oops, compressed class ptrs, g1 gc, windows-amd64)
# No core dump will be written. Minidumps are not enabled by default on client versions of Windows
#

---------------  S U M M A R Y ------------

Command Line: -XX:MaxMetaspaceSize=512m --add-opens=java.base/java.util=ALL-UNNAMED --add-opens=java.base/java.lang=ALL-UNNAMED --add-opens=java.base/java.lang.invoke=ALL-UNNAMED --add-opens=java.prefs/java.util.prefs=ALL-UNNAMED --add-opens=java.base/java.nio.charset=ALL-UNNAMED --add-opens=java.base/java.net=ALL-UNNAMED --add-opens=java.base/java.util.concurrent.atomic=ALL-UNNAMED -Xmx2048m -Dfile.encoding=GBK -Duser.country=GB -Duser.language=en -Duser.variant org.gradle.launcher.daemon.bootstrap.GradleDaemon 8.0.1

Host: AMD Ryzen 5 4500U with Radeon Graphics         , 6 cores, 7G,  Windows 10 , 64 bit Build 19041 (10.0.19041.546)
Time: Sat Sep  9 11:02:25 2023 Malay Peninsula Standard Time elapsed time: 662.453894 seconds (0d 0h 11m 2s)

---------------  T H R E A D  ---------------

Current thread (0x00000253157f1940):  JavaThread "C2 CompilerThread0" daemon [_thread_in_native, id=23784, stack(0x00000095f8700000,0x00000095f8800000)]


Current CompileTask:
C2: 662453 7959       4       org.gradle.internal.instantiation.generator.AbstractClassGenerator::inspectType (560 bytes)

Stack: [0x00000095f8700000,0x00000095f8800000]
Native frames: (J=compiled Java code, j=interpreted, Vv=VM code, C=native code)
V  [jvm.dll+0x67bf3a]
V  [jvm.dll+0x83a024]
V  [jvm.dll+0x83b7ce]
V  [jvm.dll+0x83be33]
V  [jvm.dll+0x24785f]
V  [jvm.dll+0xac3bc]
V  [jvm.dll+0xac98c]
V  [jvm.dll+0x2af19f]
V  [jvm.dll+0x584667]
V  [jvm.dll+0x222a82]
V  [jvm.dll+0x222e5f]
V  [jvm.dll+0x21bf4f]
V  [jvm.dll+0x21944b]
V  [jvm.dll+0x1a56b6]
V  [jvm.dll+0x2291ea]
V  [jvm.dll+0x22724c]
V  [jvm.dll+0x7efd0c]
V  [jvm.dll+0x7ea13a]
V  [jvm.dll+0x67ad85]
C  [ucrtbase.dll+0x214c2]
C  [KERNEL32.DLL+0x17034]
C  [ntdll.dll+0x4cec1]


---------------  P R O C E S S  ---------------

Threads class SMR info:
_java_thread_list=0x0000025336b12fc0, length=70, elements={
0x000002537772bae0, 0x00000253157d2b70, 0x00000253157d4910, 0x00000253157ee210,
0x00000253157efaf0, 0x00000253157f03c0, 0x00000253157f0c90, 0x00000253157f1940,
0x00000253157f2300, 0x000002531585b6f0, 0x00000253159f4980, 0x0000025315a02dc0,
0x0000025336151a20, 0x00000253358d3cc0, 0x0000025335390fb0, 0x000002533633ad60,
0x00000253365ab030, 0x00000253365aed10, 0x00000253358e4aa0, 0x00000253358e2220,
0x00000253358e2c40, 0x00000253358e3660, 0x00000253358e4fb0, 0x00000253358e3150,
0x00000253358e3b70, 0x00000253358e54c0, 0x000002533676ec70, 0x00000253367705c0,
0x000002533676f180, 0x000002533676f690, 0x0000025336770ad0, 0x0000025336770fe0,
0x0000025336774280, 0x00000253367765f0, 0x0000025336771f10, 0x00000253367751b0,
0x0000025336772420, 0x000002533676fba0, 0x00000253367700b0, 0x0000025336774ca0,
0x00000253367756c0, 0x0000025336773d70, 0x0000025336775bd0, 0x0000025336772930,
0x0000025336772e40, 0x0000025336773350, 0x0000025336773860, 0x00000253367760e0,
0x00000253358e59d0, 0x00000253358e4080, 0x00000253358e4590, 0x000002531582d6c0,
0x000002531582eb00, 0x000002531582e0e0, 0x000002531582b860, 0x000002531582ae40,
0x0000025315829f10, 0x000002531582ff40, 0x000002531582f010, 0x000002531582dbd0,
0x000002531582f520, 0x000002531582fa30, 0x0000025315830450, 0x000002531582e5f0,
0x0000025315829a00, 0x000002531582d1b0, 0x00000253158294f0, 0x0000025315828fe0,
0x000002531582bd70, 0x000002531582c790
}

Java Threads: ( => current thread )
  0x000002537772bae0 JavaThread "main" [_thread_blocked, id=23544, stack(0x00000095f7a00000,0x00000095f7b00000)]
  0x00000253157d2b70 JavaThread "Reference Handler" daemon [_thread_blocked, id=23728, stack(0x00000095f8100000,0x00000095f8200000)]
  0x00000253157d4910 JavaThread "Finalizer" daemon [_thread_blocked, id=23732, stack(0x00000095f8200000,0x00000095f8300000)]
  0x00000253157ee210 JavaThread "Signal Dispatcher" daemon [_thread_blocked, id=23768, stack(0x00000095f8300000,0x00000095f8400000)]
  0x00000253157efaf0 JavaThread "Attach Listener" daemon [_thread_blocked, id=23772, stack(0x00000095f8400000,0x00000095f8500000)]
  0x00000253157f03c0 JavaThread "Service Thread" daemon [_thread_blocked, id=23776, stack(0x00000095f8500000,0x00000095f8600000)]
  0x00000253157f0c90 JavaThread "Monitor Deflation Thread" daemon [_thread_blocked, id=23780, stack(0x00000095f8600000,0x00000095f8700000)]
=>0x00000253157f1940 JavaThread "C2 CompilerThread0" daemon [_thread_in_native, id=23784, stack(0x00000095f8700000,0x00000095f8800000)]
  0x00000253157f2300 JavaThread "C1 CompilerThread0" daemon [_thread_blocked, id=23816, stack(0x00000095f8800000,0x00000095f8900000)]
  0x000002531585b6f0 JavaThread "Sweeper thread" daemon [_thread_blocked, id=23860, stack(0x00000095f8900000,0x00000095f8a00000)]
  0x00000253159f4980 JavaThread "Common-Cleaner" daemon [_thread_blocked, id=23872, stack(0x00000095f8a00000,0x00000095f8b00000)]
  0x0000025315a02dc0 JavaThread "Notification Thread" daemon [_thread_blocked, id=24048, stack(0x00000095f8b00000,0x00000095f8c00000)]
  0x0000025336151a20 JavaThread "Daemon health stats" [_thread_blocked, id=19800, stack(0x00000095f9100000,0x00000095f9200000)]
  0x00000253358d3cc0 JavaThread "Incoming local TCP Connector on port 51225" [_thread_in_native, id=6520, stack(0x00000095f9200000,0x00000095f9300000)]
  0x0000025335390fb0 JavaThread "Daemon periodic checks" [_thread_blocked, id=19420, stack(0x00000095f9300000,0x00000095f9400000)]
  0x000002533633ad60 JavaThread "Daemon" [_thread_blocked, id=7944, stack(0x00000095f9400000,0x00000095f9500000)]
  0x00000253365ab030 JavaThread "Handler for socket connection from /127.0.0.1:51225 to /127.0.0.1:51230" [_thread_in_native, id=14688, stack(0x00000095f9500000,0x00000095f9600000)]
  0x00000253365aed10 JavaThread "Cancel handler" [_thread_blocked, id=15724, stack(0x00000095f9600000,0x00000095f9700000)]
  0x00000253358e4aa0 JavaThread "Daemon worker" [_thread_in_Java, id=25816, stack(0x00000095f9700000,0x00000095f9800000)]
  0x00000253358e2220 JavaThread "Asynchronous log dispatcher for DefaultDaemonConnection: socket connection from /127.0.0.1:51225 to /127.0.0.1:51230" [_thread_blocked, id=25828, stack(0x00000095f9800000,0x00000095f9900000)]
  0x00000253358e2c40 JavaThread "Daemon client event forwarder" [_thread_blocked, id=25836, stack(0x00000095f9a00000,0x00000095f9b00000)]
  0x00000253358e3660 JavaThread "Cache worker for journal cache (C:\Users\User\.gradle\caches\journal-1)" [_thread_blocked, id=26096, stack(0x00000095f9b00000,0x00000095f9c00000)]
  0x00000253358e4fb0 JavaThread "File lock request listener" [_thread_in_native, id=26100, stack(0x00000095f9c00000,0x00000095f9d00000)]
  0x00000253358e3150 JavaThread "Cache worker for file hash cache (C:\Users\User\.gradle\caches\8.0.1\fileHashes)" [_thread_blocked, id=26316, stack(0x00000095f9f00000,0x00000095fa000000)]
  0x00000253358e3b70 JavaThread "File watcher server" daemon [_thread_in_native, id=22996, stack(0x00000095fa000000,0x00000095fa100000)]
  0x00000253358e54c0 JavaThread "File watcher consumer" daemon [_thread_blocked, id=26656, stack(0x00000095fa100000,0x00000095fa200000)]
  0x000002533676ec70 JavaThread "Cache worker for checksums cache (C:\Users\User\CJOPProject\android\.gradle\8.0.1\checksums)" [_thread_blocked, id=26808, stack(0x00000095fa200000,0x00000095fa300000)]
  0x00000253367705c0 JavaThread "Cache worker for cache directory md-rule (C:\Users\User\.gradle\caches\8.0.1\md-rule)" [_thread_blocked, id=26904, stack(0x00000095fa300000,0x00000095fa400000)]
  0x000002533676f180 JavaThread "Cache worker for file content cache (C:\Users\User\.gradle\caches\8.0.1\fileContent)" [_thread_blocked, id=26920, stack(0x00000095fa400000,0x00000095fa500000)]
  0x000002533676f690 JavaThread "Cache worker for file hash cache (C:\Users\User\CJOPProject\android\.gradle\8.0.1\fileHashes)" [_thread_blocked, id=27000, stack(0x00000095fa600000,0x00000095fa700000)]
  0x0000025336770ad0 JavaThread "Cache worker for cache directory md-supplier (C:\Users\User\.gradle\caches\8.0.1\md-supplier)" [_thread_blocked, id=27248, stack(0x00000095fa800000,0x00000095fa900000)]
  0x0000025336770fe0 JavaThread "Cache worker for execution history cache (C:\Users\User\.gradle\caches\8.0.1\executionHistory)" [_thread_blocked, id=27300, stack(0x00000095faa00000,0x00000095fab00000)]
  0x0000025336774280 JavaThread "jar transforms" [_thread_blocked, id=10440, stack(0x00000095f7700000,0x00000095f7800000)]
  0x00000253367765f0 JavaThread "jar transforms Thread 2" [_thread_blocked, id=24312, stack(0x00000095f7800000,0x00000095f7900000)]
  0x0000025336771f10 JavaThread "jar transforms Thread 3" [_thread_blocked, id=26420, stack(0x00000095f7900000,0x00000095f7a00000)]
  0x00000253367751b0 JavaThread "jar transforms Thread 4" [_thread_blocked, id=27140, stack(0x00000095f9900000,0x00000095f9a00000)]
  0x0000025336772420 JavaThread "Cache worker for kotlin-dsl (C:\Users\User\.gradle\caches\8.0.1\kotlin-dsl)" [_thread_blocked, id=17688, stack(0x00000095fa700000,0x00000095fa800000)]
  0x000002533676fba0 JavaThread "File lock release action executor Thread 2" [_thread_blocked, id=28392, stack(0x00000095f9d00000,0x00000095f9e00000)]
  0x00000253367700b0 JavaThread "jar transforms Thread 5" [_thread_blocked, id=6456, stack(0x00000095fa900000,0x00000095faa00000)]
  0x0000025336774ca0 JavaThread "jar transforms Thread 6" [_thread_blocked, id=30716, stack(0x00000095fab00000,0x00000095fac00000)]
  0x00000253367756c0 JavaThread "Cache worker for dependencies-accessors (C:\Users\User\CJOPProject\android\.gradle\8.0.1\dependencies-accessors)" [_thread_blocked, id=30268, stack(0x00000095fac00000,0x00000095fad00000)]
  0x0000025336773d70 JavaThread "Cache worker for Build Output Cleanup Cache (C:\Users\User\CJOPProject\node_modules\@react-native\gradle-plugin\.gradle\buildOutputCleanup)" [_thread_blocked, id=8304, stack(0x00000095fad00000,0x00000095fae00000)]
  0x0000025336775bd0 JavaThread "Unconstrained build operations" [_thread_blocked, id=14496, stack(0x00000095fae00000,0x00000095faf00000)]
  0x0000025336772930 JavaThread "Unconstrained build operations Thread 2" [_thread_blocked, id=27708, stack(0x00000095faf00000,0x00000095fb000000)]
  0x0000025336772e40 JavaThread "Unconstrained build operations Thread 3" [_thread_blocked, id=25604, stack(0x00000095fb000000,0x00000095fb100000)]
  0x0000025336773350 JavaThread "Unconstrained build operations Thread 4" [_thread_blocked, id=19948, stack(0x00000095fb100000,0x00000095fb200000)]
  0x0000025336773860 JavaThread "Unconstrained build operations Thread 5" [_thread_blocked, id=29736, stack(0x00000095fb200000,0x00000095fb300000)]
  0x00000253367760e0 JavaThread "Unconstrained build operations Thread 6" [_thread_blocked, id=29936, stack(0x00000095fb300000,0x00000095fb400000)]
  0x00000253358e59d0 JavaThread "Unconstrained build operations Thread 7" [_thread_blocked, id=6992, stack(0x00000095fb400000,0x00000095fb500000)]
  0x00000253358e4080 JavaThread "Unconstrained build operations Thread 8" [_thread_blocked, id=9392, stack(0x00000095fb500000,0x00000095fb600000)]
  0x00000253358e4590 JavaThread "Unconstrained build operations Thread 9" [_thread_blocked, id=28600, stack(0x00000095fb600000,0x00000095fb700000)]
  0x000002531582d6c0 JavaThread "Unconstrained build operations Thread 10" [_thread_blocked, id=30244, stack(0x00000095fb700000,0x00000095fb800000)]
  0x000002531582eb00 JavaThread "Unconstrained build operations Thread 11" [_thread_blocked, id=9868, stack(0x00000095fb800000,0x00000095fb900000)]
  0x000002531582e0e0 JavaThread "Unconstrained build operations Thread 12" [_thread_blocked, id=21656, stack(0x00000095fb900000,0x00000095fba00000)]
  0x000002531582b860 JavaThread "Unconstrained build operations Thread 13" [_thread_blocked, id=29972, stack(0x00000095fba00000,0x00000095fbb00000)]
  0x000002531582ae40 JavaThread "Unconstrained build operations Thread 14" [_thread_blocked, id=13456, stack(0x00000095fbb00000,0x00000095fbc00000)]
  0x0000025315829f10 JavaThread "Unconstrained build operations Thread 15" [_thread_blocked, id=12828, stack(0x00000095fbc00000,0x00000095fbd00000)]
  0x000002531582ff40 JavaThread "Unconstrained build operations Thread 16" [_thread_blocked, id=5724, stack(0x00000095fbd00000,0x00000095fbe00000)]
  0x000002531582f010 JavaThread "Unconstrained build operations Thread 17" [_thread_blocked, id=7580, stack(0x00000095fbe00000,0x00000095fbf00000)]
  0x000002531582dbd0 JavaThread "Unconstrained build operations Thread 18" [_thread_blocked, id=19736, stack(0x00000095fbf00000,0x00000095fc000000)]
  0x000002531582f520 JavaThread "Unconstrained build operations Thread 19" [_thread_blocked, id=28132, stack(0x00000095fc000000,0x00000095fc100000)]
  0x000002531582fa30 JavaThread "Unconstrained build operations Thread 20" [_thread_blocked, id=28124, stack(0x00000095fc100000,0x00000095fc200000)]
  0x0000025315830450 JavaThread "Unconstrained build operations Thread 21" [_thread_blocked, id=28120, stack(0x00000095fc200000,0x00000095fc300000)]
  0x000002531582e5f0 JavaThread "Unconstrained build operations Thread 22" [_thread_blocked, id=27424, stack(0x00000095fc300000,0x00000095fc400000)]
  0x0000025315829a00 JavaThread "Unconstrained build operations Thread 23" [_thread_blocked, id=15960, stack(0x00000095fc400000,0x00000095fc500000)]
  0x000002531582d1b0 JavaThread "Unconstrained build operations Thread 24" [_thread_blocked, id=25420, stack(0x00000095fc500000,0x00000095fc600000)]
  0x00000253158294f0 JavaThread "Unconstrained build operations Thread 25" [_thread_blocked, id=11156, stack(0x00000095fc600000,0x00000095fc700000)]
  0x0000025315828fe0 JavaThread "Unconstrained build operations Thread 26" [_thread_blocked, id=17644, stack(0x00000095fc700000,0x00000095fc800000)]
  0x000002531582bd70 JavaThread "Memory manager" [_thread_blocked, id=29872, stack(0x00000095fc900000,0x00000095fca00000)]
  0x000002531582c790 JavaThread "Cache worker for Build Output Cleanup Cache (C:\Users\User\CJOPProject\android\.gradle\buildOutputCleanup)" [_thread_blocked, id=1760, stack(0x00000095fca00000,0x00000095fcb00000)]

Other Threads:
  0x00000253157cad90 VMThread "VM Thread" [stack: 0x00000095f8000000,0x00000095f8100000] [id=23696]
  0x0000025315a0b290 WatcherThread [stack: 0x00000095f8c00000,0x00000095f8d00000] [id=24052]
  0x0000025377786500 GCTaskThread "GC Thread#0" [stack: 0x00000095f7b00000,0x00000095f7c00000] [id=23596]
  0x00000253359209b0 GCTaskThread "GC Thread#1" [stack: 0x00000095f8d00000,0x00000095f8e00000] [id=25208]
  0x000002533582e810 GCTaskThread "GC Thread#2" [stack: 0x00000095f8e00000,0x00000095f8f00000] [id=25320]
  0x000002533582ead0 GCTaskThread "GC Thread#3" [stack: 0x00000095f8f00000,0x00000095f9000000] [id=25324]
  0x000002533591e870 GCTaskThread "GC Thread#4" [stack: 0x00000095f9000000,0x00000095f9100000] [id=17124]
  0x000002533662f430 GCTaskThread "GC Thread#5" [stack: 0x00000095f9e00000,0x00000095f9f00000] [id=26288]
  0x0000025377798370 ConcurrentGCThread "G1 Main Marker" [stack: 0x00000095f7c00000,0x00000095f7d00000] [id=23600]
  0x0000025377798c90 ConcurrentGCThread "G1 Conc#0" [stack: 0x00000095f7d00000,0x00000095f7e00000] [id=23604]
  0x000002533714e320 ConcurrentGCThread "G1 Conc#1" [stack: 0x00000095fa500000,0x00000095fa600000] [id=26980]
  0x00000253156924b0 ConcurrentGCThread "G1 Refine#0" [stack: 0x00000095f7e00000,0x00000095f7f00000] [id=23608]
  0x00000253777e4200 ConcurrentGCThread "G1 Service" [stack: 0x00000095f7f00000,0x00000095f8000000] [id=23612]

Threads with active compile tasks:
C2 CompilerThread0   662648 7959       4       org.gradle.internal.instantiation.generator.AbstractClassGenerator::inspectType (560 bytes)

VM state: not at safepoint (normal execution)

VM Mutex/Monitor currently owned by a thread: None

Heap address: 0x0000000080000000, size: 2048 MB, Compressed Oops mode: 32-bit

CDS archive(s) mapped at: [0x0000025316000000-0x0000025316bd0000-0x0000025316bd0000), size 12386304, SharedBaseAddress: 0x0000025316000000, ArchiveRelocationMode: 1.
Compressed class space mapped at: 0x0000025317000000-0x0000025331000000, reserved size: 436207616
Narrow klass base: 0x0000025316000000, Narrow klass shift: 0, Narrow klass range: 0x100000000

GC Precious Log:
 CPUs: 6 total, 6 available
 Memory: 7549M
 Large Page Support: Disabled
 NUMA Support: Disabled
 Compressed Oops: Enabled (32-bit)
 Heap Region Size: 1M
 Heap Min Capacity: 8M
 Heap Initial Capacity: 118M
 Heap Max Capacity: 2G
 Pre-touch: Disabled
 Parallel Workers: 6
 Concurrent Workers: 2
 Concurrent Refinement Workers: 6
 Periodic GC: Disabled

Heap:
 garbage-first heap   total 96256K, used 70888K [0x0000000080000000, 0x0000000100000000)
  region size 1024K, 20 young (20480K), 2 survivors (2048K)
 Metaspace       used 58965K, committed 59584K, reserved 491520K
  class space    used 8168K, committed 8448K, reserved 425984K

Heap Regions: E=young(eden), S=young(survivor), O=old, HS=humongous(starts), HC=humongous(continues), CS=collection set, F=free, OA=open archive, CA=closed archive, TAMS=top-at-mark-start (previous, next)
|   0|0x0000000080000000, 0x0000000080100000, 0x0000000080100000|100%|HS|  |TAMS 0x0000000080100000, 0x0000000080000000| Complete 
|   1|0x0000000080100000, 0x0000000080200000, 0x0000000080200000|100%|HC|  |TAMS 0x0000000080200000, 0x0000000080100000| Complete 
|   2|0x0000000080200000, 0x0000000080300000, 0x0000000080300000|100%|HC|  |TAMS 0x0000000080300000, 0x0000000080200000| Complete 
|   3|0x0000000080300000, 0x0000000080400000, 0x0000000080400000|100%|HC|  |TAMS 0x0000000080400000, 0x0000000080300000| Complete 
|   4|0x0000000080400000, 0x0000000080500000, 0x0000000080500000|100%| O|  |TAMS 0x0000000080500000, 0x0000000080400000| Untracked 
|   5|0x0000000080500000, 0x0000000080600000, 0x0000000080600000|100%| O|  |TAMS 0x0000000080600000, 0x0000000080500000| Untracked 
|   6|0x0000000080600000, 0x0000000080700000, 0x0000000080700000|100%| O|  |TAMS 0x0000000080700000, 0x0000000080600000| Untracked 
|   7|0x0000000080700000, 0x0000000080800000, 0x0000000080800000|100%| O|  |TAMS 0x0000000080800000, 0x0000000080700000| Untracked 
|   8|0x0000000080800000, 0x0000000080900000, 0x0000000080900000|100%| O|  |TAMS 0x0000000080900000, 0x0000000080800000| Untracked 
|   9|0x0000000080900000, 0x0000000080a00000, 0x0000000080a00000|100%| O|  |TAMS 0x0000000080a00000, 0x0000000080900000| Untracked 
|  10|0x0000000080a00000, 0x0000000080b00000, 0x0000000080b00000|100%| O|  |TAMS 0x0000000080b00000, 0x0000000080a00000| Untracked 
|  11|0x0000000080b00000, 0x0000000080c00000, 0x0000000080c00000|100%| O|  |TAMS 0x0000000080c00000, 0x0000000080b00000| Untracked 
|  12|0x0000000080c00000, 0x0000000080d00000, 0x0000000080d00000|100%| O|  |TAMS 0x0000000080d00000, 0x0000000080c00000| Untracked 
|  13|0x0000000080d00000, 0x0000000080e00000, 0x0000000080e00000|100%| O|  |TAMS 0x0000000080e00000, 0x0000000080d00000| Untracked 
|  14|0x0000000080e00000, 0x0000000080f00000, 0x0000000080f00000|100%| O|  |TAMS 0x0000000080f00000, 0x0000000080e00000| Untracked 
|  15|0x0000000080f00000, 0x0000000081000000, 0x0000000081000000|100%| O|  |TAMS 0x0000000081000000, 0x0000000080f00000| Untracked 
|  16|0x0000000081000000, 0x0000000081100000, 0x0000000081100000|100%| O|  |TAMS 0x0000000081100000, 0x0000000081000000| Untracked 
|  17|0x0000000081100000, 0x0000000081200000, 0x0000000081200000|100%| O|  |TAMS 0x0000000081200000, 0x0000000081100000| Untracked 
|  18|0x0000000081200000, 0x0000000081300000, 0x0000000081300000|100%| O|  |TAMS 0x0000000081300000, 0x0000000081200000| Untracked 
|  19|0x0000000081300000, 0x0000000081400000, 0x0000000081400000|100%| O|  |TAMS 0x0000000081400000, 0x0000000081300000| Untracked 
|  20|0x0000000081400000, 0x0000000081500000, 0x0000000081500000|100%| O|  |TAMS 0x0000000081500000, 0x0000000081400000| Untracked 
|  21|0x0000000081500000, 0x0000000081600000, 0x0000000081600000|100%| O|  |TAMS 0x0000000081600000, 0x0000000081500000| Untracked 
|  22|0x0000000081600000, 0x0000000081700000, 0x0000000081700000|100%| O|  |TAMS 0x0000000081700000, 0x0000000081600000| Untracked 
|  23|0x0000000081700000, 0x0000000081800000, 0x0000000081800000|100%| O|  |TAMS 0x0000000081800000, 0x0000000081700000| Untracked 
|  24|0x0000000081800000, 0x0000000081900000, 0x0000000081900000|100%| O|  |TAMS 0x0000000081900000, 0x0000000081800000| Untracked 
|  25|0x0000000081900000, 0x0000000081a00000, 0x0000000081a00000|100%| O|  |TAMS 0x0000000081a00000, 0x0000000081900000| Untracked 
|  26|0x0000000081a00000, 0x0000000081b00000, 0x0000000081b00000|100%| O|  |TAMS 0x0000000081b00000, 0x0000000081a00000| Untracked 
|  27|0x0000000081b00000, 0x0000000081c00000, 0x0000000081c00000|100%| O|  |TAMS 0x0000000081c00000, 0x0000000081b00000| Untracked 
|  28|0x0000000081c00000, 0x0000000081d00000, 0x0000000081d00000|100%| O|  |TAMS 0x0000000081d00000, 0x0000000081c00000| Untracked 
|  29|0x0000000081d00000, 0x0000000081e00000, 0x0000000081e00000|100%| O|  |TAMS 0x0000000081e00000, 0x0000000081d00000| Untracked 
|  30|0x0000000081e00000, 0x0000000081f00000, 0x0000000081f00000|100%|HS|  |TAMS 0x0000000081f00000, 0x0000000081e00000| Complete 
|  31|0x0000000081f00000, 0x0000000082000000, 0x0000000082000000|100%|HC|  |TAMS 0x0000000082000000, 0x0000000081f00000| Complete 
|  32|0x0000000082000000, 0x0000000082100000, 0x0000000082100000|100%| O|  |TAMS 0x0000000082100000, 0x0000000082000000| Untracked 
|  33|0x0000000082100000, 0x0000000082200000, 0x0000000082200000|100%| O|  |TAMS 0x0000000082200000, 0x0000000082100000| Untracked 
|  34|0x0000000082200000, 0x0000000082300000, 0x0000000082300000|100%| O|  |TAMS 0x0000000082300000, 0x0000000082200000| Untracked 
|  35|0x0000000082300000, 0x0000000082400000, 0x0000000082400000|100%| O|  |TAMS 0x0000000082400000, 0x0000000082300000| Untracked 
|  36|0x0000000082400000, 0x0000000082500000, 0x0000000082500000|100%|HS|  |TAMS 0x0000000082500000, 0x0000000082400000| Complete 
|  37|0x0000000082500000, 0x0000000082600000, 0x0000000082600000|100%|HC|  |TAMS 0x0000000082600000, 0x0000000082500000| Complete 
|  38|0x0000000082600000, 0x0000000082700000, 0x0000000082700000|100%|HC|  |TAMS 0x0000000082700000, 0x0000000082600000| Complete 
|  39|0x0000000082700000, 0x0000000082800000, 0x0000000082800000|100%|HC|  |TAMS 0x0000000082800000, 0x0000000082700000| Complete 
|  40|0x0000000082800000, 0x0000000082900000, 0x0000000082900000|100%| O|  |TAMS 0x0000000082900000, 0x0000000082800000| Untracked 
|  41|0x0000000082900000, 0x0000000082a00000, 0x0000000082a00000|100%| O|  |TAMS 0x0000000082a00000, 0x0000000082900000| Untracked 
|  42|0x0000000082a00000, 0x0000000082b00000, 0x0000000082b00000|100%| O|  |TAMS 0x0000000082b00000, 0x0000000082a00000| Untracked 
|  43|0x0000000082b00000, 0x0000000082c00000, 0x0000000082c00000|100%| O|  |TAMS 0x0000000082c00000, 0x0000000082b00000| Untracked 
|  44|0x0000000082c00000, 0x0000000082d00000, 0x0000000082d00000|100%| O|  |TAMS 0x0000000082d00000, 0x0000000082c00000| Untracked 
|  45|0x0000000082d00000, 0x0000000082e00000, 0x0000000082e00000|100%| O|  |TAMS 0x0000000082e00000, 0x0000000082d00000| Untracked 
|  46|0x0000000082e00000, 0x0000000082f00000, 0x0000000082f00000|100%| O|  |TAMS 0x0000000082f00000, 0x0000000082e00000| Untracked 
|  47|0x0000000082f00000, 0x0000000083000000, 0x0000000083000000|100%| O|  |TAMS 0x0000000083000000, 0x0000000082f00000| Untracked 
|  48|0x0000000083000000, 0x0000000083100000, 0x0000000083100000|100%| O|  |TAMS 0x0000000083100000, 0x0000000083000000| Untracked 
|  49|0x0000000083100000, 0x0000000083200000, 0x0000000083200000|100%| O|  |TAMS 0x0000000083200000, 0x0000000083100000| Untracked 
|  50|0x0000000083200000, 0x0000000083300000, 0x0000000083300000|100%| O|  |TAMS 0x0000000083300000, 0x0000000083200000| Untracked 
|  51|0x0000000083300000, 0x0000000083400000, 0x0000000083400000|100%| O|  |TAMS 0x0000000083400000, 0x0000000083300000| Untracked 
|  52|0x0000000083400000, 0x000000008341bc00, 0x0000000083500000| 10%| O|  |TAMS 0x000000008341bc00, 0x0000000083400000| Untracked 
|  53|0x0000000083500000, 0x0000000083500000, 0x0000000083600000|  0%| F|  |TAMS 0x0000000083500000, 0x0000000083500000| Untracked 
|  54|0x0000000083600000, 0x0000000083600000, 0x0000000083700000|  0%| F|  |TAMS 0x0000000083600000, 0x0000000083600000| Untracked 
|  55|0x0000000083700000, 0x0000000083700000, 0x0000000083800000|  0%| F|  |TAMS 0x0000000083700000, 0x0000000083700000| Untracked 
|  56|0x0000000083800000, 0x0000000083800000, 0x0000000083900000|  0%| F|  |TAMS 0x0000000083800000, 0x0000000083800000| Untracked 
|  57|0x0000000083900000, 0x0000000083900000, 0x0000000083a00000|  0%| F|  |TAMS 0x0000000083900000, 0x0000000083900000| Untracked 
|  58|0x0000000083a00000, 0x0000000083a00000, 0x0000000083b00000|  0%| F|  |TAMS 0x0000000083a00000, 0x0000000083a00000| Untracked 
|  59|0x0000000083b00000, 0x0000000083b00000, 0x0000000083c00000|  0%| F|  |TAMS 0x0000000083b00000, 0x0000000083b00000| Untracked 
|  60|0x0000000083c00000, 0x0000000083c00000, 0x0000000083d00000|  0%| F|  |TAMS 0x0000000083c00000, 0x0000000083c00000| Untracked 
|  61|0x0000000083d00000, 0x0000000083d00000, 0x0000000083e00000|  0%| F|  |TAMS 0x0000000083d00000, 0x0000000083d00000| Untracked 
|  62|0x0000000083e00000, 0x0000000083e00000, 0x0000000083f00000|  0%| F|  |TAMS 0x0000000083e00000, 0x0000000083e00000| Untracked 
|  63|0x0000000083f00000, 0x0000000083f00000, 0x0000000084000000|  0%| F|  |TAMS 0x0000000083f00000, 0x0000000083f00000| Untracked 
|  64|0x0000000084000000, 0x000000008401e418, 0x0000000084100000| 11%| S|CS|TAMS 0x0000000084000000, 0x0000000084000000| Complete 
|  65|0x0000000084100000, 0x0000000084200000, 0x0000000084200000|100%| S|CS|TAMS 0x0000000084100000, 0x0000000084100000| Complete 
|  66|0x0000000084200000, 0x0000000084200000, 0x0000000084300000|  0%| F|  |TAMS 0x0000000084200000, 0x0000000084200000| Untracked 
|  67|0x0000000084300000, 0x0000000084300000, 0x0000000084400000|  0%| F|  |TAMS 0x0000000084300000, 0x0000000084300000| Untracked 
|  68|0x0000000084400000, 0x0000000084400000, 0x0000000084500000|  0%| F|  |TAMS 0x0000000084400000, 0x0000000084400000| Untracked 
|  69|0x0000000084500000, 0x0000000084500000, 0x0000000084600000|  0%| F|  |TAMS 0x0000000084500000, 0x0000000084500000| Untracked 
|  70|0x0000000084600000, 0x0000000084600000, 0x0000000084700000|  0%| F|  |TAMS 0x0000000084600000, 0x0000000084600000| Untracked 
|  71|0x0000000084700000, 0x0000000084700000, 0x0000000084800000|  0%| F|  |TAMS 0x0000000084700000, 0x0000000084700000| Untracked 
|  72|0x0000000084800000, 0x0000000084800000, 0x0000000084900000|  0%| F|  |TAMS 0x0000000084800000, 0x0000000084800000| Untracked 
|  73|0x0000000084900000, 0x0000000084900000, 0x0000000084a00000|  0%| F|  |TAMS 0x0000000084900000, 0x0000000084900000| Untracked 
|  74|0x0000000084a00000, 0x0000000084a00000, 0x0000000084b00000|  0%| F|  |TAMS 0x0000000084a00000, 0x0000000084a00000| Untracked 
|  75|0x0000000084b00000, 0x0000000084b00000, 0x0000000084c00000|  0%| F|  |TAMS 0x0000000084b00000, 0x0000000084b00000| Untracked 
|  76|0x0000000084c00000, 0x0000000084c8cf18, 0x0000000084d00000| 55%| E|  |TAMS 0x0000000084c00000, 0x0000000084c00000| Complete 
|  77|0x0000000084d00000, 0x0000000084e00000, 0x0000000084e00000|100%| E|CS|TAMS 0x0000000084d00000, 0x0000000084d00000| Complete 
|  78|0x0000000084e00000, 0x0000000084f00000, 0x0000000084f00000|100%| E|CS|TAMS 0x0000000084e00000, 0x0000000084e00000| Complete 
|  79|0x0000000084f00000, 0x0000000085000000, 0x0000000085000000|100%| E|CS|TAMS 0x0000000084f00000, 0x0000000084f00000| Complete 
|  80|0x0000000085000000, 0x0000000085100000, 0x0000000085100000|100%| E|CS|TAMS 0x0000000085000000, 0x0000000085000000| Complete 
|  81|0x0000000085100000, 0x0000000085200000, 0x0000000085200000|100%| E|CS|TAMS 0x0000000085100000, 0x0000000085100000| Complete 
|  82|0x0000000085200000, 0x0000000085300000, 0x0000000085300000|100%| E|CS|TAMS 0x0000000085200000, 0x0000000085200000| Complete 
|  83|0x0000000085300000, 0x0000000085400000, 0x0000000085400000|100%| E|CS|TAMS 0x0000000085300000, 0x0000000085300000| Complete 
|  84|0x0000000085400000, 0x0000000085500000, 0x0000000085500000|100%| E|CS|TAMS 0x0000000085400000, 0x0000000085400000| Complete 
|  85|0x0000000085500000, 0x0000000085600000, 0x0000000085600000|100%| E|CS|TAMS 0x0000000085500000, 0x0000000085500000| Complete 
|  86|0x0000000085600000, 0x0000000085700000, 0x0000000085700000|100%| E|  |TAMS 0x0000000085600000, 0x0000000085600000| Complete 
|  87|0x0000000085700000, 0x0000000085800000, 0x0000000085800000|100%| E|CS|TAMS 0x0000000085700000, 0x0000000085700000| Complete 
|  88|0x0000000085800000, 0x0000000085900000, 0x0000000085900000|100%| E|CS|TAMS 0x0000000085800000, 0x0000000085800000| Complete 
|  89|0x0000000085900000, 0x0000000085a00000, 0x0000000085a00000|100%| E|CS|TAMS 0x0000000085900000, 0x0000000085900000| Complete 
|  90|0x0000000085a00000, 0x0000000085b00000, 0x0000000085b00000|100%| E|CS|TAMS 0x0000000085a00000, 0x0000000085a00000| Complete 
|  91|0x0000000085b00000, 0x0000000085c00000, 0x0000000085c00000|100%| E|CS|TAMS 0x0000000085b00000, 0x0000000085b00000| Complete 
| 116|0x0000000087400000, 0x0000000087500000, 0x0000000087500000|100%| E|CS|TAMS 0x0000000087400000, 0x0000000087400000| Complete 
| 117|0x0000000087500000, 0x0000000087600000, 0x0000000087600000|100%| E|CS|TAMS 0x0000000087500000, 0x0000000087500000| Complete 

Card table byte_map: [0x000002537f740000,0x000002537fb40000] _byte_map_base: 0x000002537f340000

Marking Bits (Prev, Next): (CMBitMap*) 0x0000025377787a40, (CMBitMap*) 0x0000025377787a80
 Prev Bits: [0x000002530f000000, 0x0000025311000000)
 Next Bits: [0x0000025311000000, 0x0000025313000000)

Polling page: 0x0000025376ef0000

Metaspace:

Usage:
  Non-class:     49.61 MB used.
      Class:      7.98 MB used.
       Both:     57.58 MB used.

Virtual space:
  Non-class space:       64.00 MB reserved,      49.94 MB ( 78%) committed,  1 nodes.
      Class space:      416.00 MB reserved,       8.25 MB (  2%) committed,  1 nodes.
             Both:      480.00 MB reserved,      58.19 MB ( 12%) committed. 

Chunk freelists:
   Non-Class:  13.64 MB
       Class:  7.72 MB
        Both:  21.36 MB

MaxMetaspaceSize: 512.00 MB
CompressedClassSpaceSize: 416.00 MB
Initial GC threshold: 21.00 MB
Current GC threshold: 96.19 MB
CDS: on
MetaspaceReclaimPolicy: balanced
 - commit_granule_bytes: 65536.
 - commit_granule_words: 8192.
 - virtual_space_node_default_size: 8388608.
 - enlarge_chunks_in_place: 1.
 - new_chunks_are_fully_committed: 0.
 - uncommit_free_chunks: 1.
 - use_allocation_guard: 0.
 - handle_deallocations: 1.


Internal statistics:

num_allocs_failed_limit: 6.
num_arena_births: 716.
num_arena_deaths: 0.
num_vsnodes_births: 2.
num_vsnodes_deaths: 0.
num_space_committed: 931.
num_space_uncommitted: 0.
num_chunks_returned_to_freelist: 6.
num_chunks_taken_from_freelist: 3057.
num_chunk_merges: 6.
num_chunk_splits: 2041.
num_chunks_enlarged: 1361.
num_inconsistent_stats: 0.

CodeHeap 'non-profiled nmethods': size=120000Kb used=4337Kb max_used=4337Kb free=115662Kb
 bounds [0x0000025307ad0000, 0x0000025307f10000, 0x000002530f000000]
CodeHeap 'profiled nmethods': size=120000Kb used=14141Kb max_used=14141Kb free=105859Kb
 bounds [0x0000025300000000, 0x0000025300dd0000, 0x0000025307530000]
CodeHeap 'non-nmethods': size=5760Kb used=2356Kb max_used=2408Kb free=3403Kb
 bounds [0x0000025307530000, 0x00000253077a0000, 0x0000025307ad0000]
 total_blobs=8102 nmethods=7219 adapters=794
 compilation: enabled
              stopped_count=0, restarted_count=0
 full_count=0

Compilation events (20 events):
Event: 662.202 Thread 0x00000253157f2300 7981   !   3       jdk.proxy1.$Proxy36::hashCode (32 bytes)
Event: 662.203 Thread 0x00000253157f2300 nmethod 7981 0x0000025300dc3310 code [0x0000025300dc34e0, 0x0000025300dc38f8]
Event: 662.203 Thread 0x00000253157f2300 7993       3       com.google.common.collect.SingletonImmutableBiMap::inverse (45 bytes)
Event: 662.203 Thread 0x00000253157f2300 nmethod 7993 0x0000025300dc3b10 code [0x0000025300dc3d00, 0x0000025300dc4298]
Event: 662.203 Thread 0x00000253157f2300 7994       3       com.google.common.collect.SingletonImmutableBiMap::<init> (20 bytes)
Event: 662.203 Thread 0x00000253157f2300 nmethod 7994 0x0000025300dc4410 code [0x0000025300dc45c0, 0x0000025300dc4958]
Event: 662.203 Thread 0x00000253157f2300 7995       3       com.google.common.collect.ImmutableBiMap::values (5 bytes)
Event: 662.203 Thread 0x00000253157f2300 nmethod 7995 0x0000025300dc4a90 code [0x0000025300dc4c60, 0x0000025300dc5198]
Event: 662.203 Thread 0x00000253157f2300 7996       1       org.gradle.internal.execution.model.annotations.ModifierAnnotationCategory::getDisplayName (5 bytes)
Event: 662.203 Thread 0x00000253157f2300 nmethod 7996 0x0000025307f0a810 code [0x0000025307f0a9a0, 0x0000025307f0aa78]
Event: 662.203 Thread 0x00000253157f2300 7997       1       org.gradle.internal.reflect.annotations.impl.DefaultTypeAnnotationMetadataStore::access$200 (5 bytes)
Event: 662.203 Thread 0x00000253157f2300 nmethod 7997 0x0000025307f0ab10 code [0x0000025307f0aca0, 0x0000025307f0ad58]
Event: 662.204 Thread 0x00000253157f2300 7998       1       org.gradle.internal.properties.annotations.AbstractPropertyAnnotationHandler::getAllowedModifiers (5 bytes)
Event: 662.204 Thread 0x00000253157f2300 nmethod 7998 0x0000025307f0ae10 code [0x0000025307f0afa0, 0x0000025307f0b078]
Event: 662.204 Thread 0x00000253157f2300 7999       3       com.google.common.collect.SingletonImmutableBiMap::get (20 bytes)
Event: 662.204 Thread 0x00000253157f2300 nmethod 7999 0x0000025300dc5310 code [0x0000025300dc54c0, 0x0000025300dc5728]
Event: 662.204 Thread 0x00000253157f2300 8000       1       org.gradle.internal.properties.annotations.NoOpPropertyAnnotationHandler::isPropertyRelevant (2 bytes)
Event: 662.204 Thread 0x00000253157f2300 nmethod 8000 0x0000025307f0b110 code [0x0000025307f0b2a0, 0x0000025307f0b378]
Event: 662.234 Thread 0x00000253157f2300 8001       3       org.gradle.api.internal.provider.AbstractMinimalProvider::calculateValue (15 bytes)
Event: 662.234 Thread 0x00000253157f2300 nmethod 8001 0x0000025300dc5810 code [0x0000025300dc59e0, 0x0000025300dc5d48]

GC Heap History (20 events):
Event: 383.798 GC heap before
{Heap before GC invocations=16 (full 0):
 garbage-first heap   total 87040K, used 68990K [0x0000000080000000, 0x0000000100000000)
  region size 1024K, 24 young (24576K), 2 survivors (2048K)
 Metaspace       used 50020K, committed 50560K, reserved 491520K
  class space    used 6938K, committed 7168K, reserved 425984K
}
Event: 383.802 GC heap after
{Heap after GC invocations=17 (full 0):
 garbage-first heap   total 87040K, used 47428K [0x0000000080000000, 0x0000000100000000)
  region size 1024K, 3 young (3072K), 3 survivors (3072K)
 Metaspace       used 50020K, committed 50560K, reserved 491520K
  class space    used 6938K, committed 7168K, reserved 425984K
}
Event: 385.473 GC heap before
{Heap before GC invocations=17 (full 0):
 garbage-first heap   total 87040K, used 70980K [0x0000000080000000, 0x0000000100000000)
  region size 1024K, 26 young (26624K), 3 survivors (3072K)
 Metaspace       used 52923K, committed 53504K, reserved 491520K
  class space    used 7325K, committed 7616K, reserved 425984K
}
Event: 385.479 GC heap after
{Heap after GC invocations=18 (full 0):
 garbage-first heap   total 87040K, used 49147K [0x0000000080000000, 0x0000000100000000)
  region size 1024K, 3 young (3072K), 3 survivors (3072K)
 Metaspace       used 52923K, committed 53504K, reserved 491520K
  class space    used 7325K, committed 7616K, reserved 425984K
}
Event: 388.944 GC heap before
{Heap before GC invocations=19 (full 0):
 garbage-first heap   total 87040K, used 70651K [0x0000000080000000, 0x0000000100000000)
  region size 1024K, 25 young (25600K), 3 survivors (3072K)
 Metaspace       used 54660K, committed 55296K, reserved 491520K
  class space    used 7541K, committed 7808K, reserved 425984K
}
Event: 389.252 GC heap after
{Heap after GC invocations=20 (full 0):
 garbage-first heap   total 87040K, used 51304K [0x0000000080000000, 0x0000000100000000)
  region size 1024K, 4 young (4096K), 4 survivors (4096K)
 Metaspace       used 54660K, committed 55296K, reserved 491520K
  class space    used 7541K, committed 7808K, reserved 425984K
}
Event: 400.267 GC heap before
{Heap before GC invocations=20 (full 0):
 garbage-first heap   total 87040K, used 70760K [0x0000000080000000, 0x0000000100000000)
  region size 1024K, 23 young (23552K), 4 survivors (4096K)
 Metaspace       used 56690K, committed 57344K, reserved 491520K
  class space    used 7833K, committed 8128K, reserved 425984K
}
Event: 400.274 GC heap after
{Heap after GC invocations=21 (full 0):
 garbage-first heap   total 87040K, used 51682K [0x0000000080000000, 0x0000000100000000)
  region size 1024K, 2 young (2048K), 2 survivors (2048K)
 Metaspace       used 56690K, committed 57344K, reserved 491520K
  class space    used 7833K, committed 8128K, reserved 425984K
}
Event: 402.364 GC heap before
{Heap before GC invocations=22 (full 0):
 garbage-first heap   total 91136K, used 70114K [0x0000000080000000, 0x0000000100000000)
  region size 1024K, 21 young (21504K), 2 survivors (2048K)
 Metaspace       used 57609K, committed 58176K, reserved 491520K
  class space    used 7994K, committed 8256K, reserved 425984K
}
Event: 402.369 GC heap after
{Heap after GC invocations=23 (full 0):
 garbage-first heap   total 91136K, used 52891K [0x0000000080000000, 0x0000000100000000)
  region size 1024K, 3 young (3072K), 3 survivors (3072K)
 Metaspace       used 57609K, committed 58176K, reserved 491520K
  class space    used 7994K, committed 8256K, reserved 425984K
}
Event: 429.933 GC heap before
{Heap before GC invocations=23 (full 0):
 garbage-first heap   total 91136K, used 74395K [0x0000000080000000, 0x0000000100000000)
  region size 1024K, 24 young (24576K), 3 survivors (3072K)
 Metaspace       used 58273K, committed 58880K, reserved 491520K
  class space    used 8091K, committed 8384K, reserved 425984K
}
Event: 429.954 GC heap after
{Heap after GC invocations=24 (full 0):
 garbage-first heap   total 91136K, used 53545K [0x0000000080000000, 0x0000000100000000)
  region size 1024K, 1 young (1024K), 1 survivors (1024K)
 Metaspace       used 58273K, committed 58880K, reserved 491520K
  class space    used 8091K, committed 8384K, reserved 425984K
}
Event: 493.913 GC heap before
{Heap before GC invocations=25 (full 0):
 garbage-first heap   total 92160K, used 76073K [0x0000000080000000, 0x0000000100000000)
  region size 1024K, 23 young (23552K), 1 survivors (1024K)
 Metaspace       used 58306K, committed 58944K, reserved 491520K
  class space    used 8092K, committed 8384K, reserved 425984K
}
Event: 494.239 GC heap after
{Heap after GC invocations=26 (full 0):
 garbage-first heap   total 92160K, used 53563K [0x0000000080000000, 0x0000000100000000)
  region size 1024K, 1 young (1024K), 1 survivors (1024K)
 Metaspace       used 58306K, committed 58944K, reserved 491520K
  class space    used 8092K, committed 8384K, reserved 425984K
}
Event: 502.157 GC heap before
{Heap before GC invocations=26 (full 0):
 garbage-first heap   total 92160K, used 55611K [0x0000000080000000, 0x0000000100000000)
  region size 1024K, 4 young (4096K), 1 survivors (1024K)
 Metaspace       used 58308K, committed 58944K, reserved 491520K
  class space    used 8092K, committed 8384K, reserved 425984K
}
Event: 502.278 GC heap after
{Heap after GC invocations=27 (full 0):
 garbage-first heap   total 92160K, used 53680K [0x0000000080000000, 0x0000000100000000)
  region size 1024K, 1 young (1024K), 1 survivors (1024K)
 Metaspace       used 58308K, committed 58944K, reserved 491520K
  class space    used 8092K, committed 8384K, reserved 425984K
}
Event: 567.672 GC heap before
{Heap before GC invocations=28 (full 0):
 garbage-first heap   total 94208K, used 76208K [0x0000000080000000, 0x0000000100000000)
  region size 1024K, 24 young (24576K), 1 survivors (1024K)
 Metaspace       used 58353K, committed 59008K, reserved 491520K
  class space    used 8092K, committed 8384K, reserved 425984K
}
Event: 567.764 GC heap after
{Heap after GC invocations=29 (full 0):
 garbage-first heap   total 94208K, used 53992K [0x0000000080000000, 0x0000000100000000)
  region size 1024K, 1 young (1024K), 1 survivors (1024K)
 Metaspace       used 58353K, committed 59008K, reserved 491520K
  class space    used 8092K, committed 8384K, reserved 425984K
}
Event: 634.847 GC heap before
{Heap before GC invocations=29 (full 0):
 garbage-first heap   total 94208K, used 79592K [0x0000000080000000, 0x0000000100000000)
  region size 1024K, 26 young (26624K), 1 survivors (1024K)
 Metaspace       used 58415K, committed 59072K, reserved 491520K
  class space    used 8092K, committed 8384K, reserved 425984K
}
Event: 634.940 GC heap after
{Heap after GC invocations=30 (full 0):
 garbage-first heap   total 94208K, used 54504K [0x0000000080000000, 0x0000000100000000)
  region size 1024K, 2 young (2048K), 2 survivors (2048K)
 Metaspace       used 58415K, committed 59072K, reserved 491520K
  class space    used 8092K, committed 8384K, reserved 425984K
}

Dll operation events (12 events):
Event: 0.323 Loaded shared library C:\Program Files\Microsoft\jdk-17.0.8.7-hotspot\bin\java.dll
Event: 0.729 Loaded shared library C:\Program Files\Microsoft\jdk-17.0.8.7-hotspot\bin\jsvml.dll
Event: 1.624 Loaded shared library C:\Program Files\Microsoft\jdk-17.0.8.7-hotspot\bin\net.dll
Event: 1.694 Loaded shared library C:\Program Files\Microsoft\jdk-17.0.8.7-hotspot\bin\nio.dll
Event: 1.799 Loaded shared library C:\Program Files\Microsoft\jdk-17.0.8.7-hotspot\bin\zip.dll
Event: 3.893 Loaded shared library C:\Program Files\Microsoft\jdk-17.0.8.7-hotspot\bin\jimage.dll
Event: 4.402 Loaded shared library C:\Program Files\Microsoft\jdk-17.0.8.7-hotspot\bin\verify.dll
Event: 5.640 Loaded shared library C:\Users\User\.gradle\native\68d5fa5c4cc2d200863cafc0d521ce42e7d3e7ee720ec0a83991735586a16f82\windows-amd64\native-platform.dll
Event: 5.663 Loaded shared library C:\Users\User\.gradle\native\e376f236ea51e6404a007f0833ffe2c6e607c4080706a723a18a27aeea778392\windows-amd64\native-platform-file-events.dll
Event: 16.020 Loaded shared library C:\Program Files\Microsoft\jdk-17.0.8.7-hotspot\bin\management.dll
Event: 16.023 Loaded shared library C:\Program Files\Microsoft\jdk-17.0.8.7-hotspot\bin\management_ext.dll
Event: 22.751 Loaded shared library C:\Program Files\Microsoft\jdk-17.0.8.7-hotspot\bin\sunmscapi.dll

Deoptimization events (20 events):
Event: 659.183 Thread 0x00000253358e4aa0 DEOPT PACKING pc=0x0000025307ef3ee0 sp=0x00000095f97f9200
Event: 659.184 Thread 0x00000253358e4aa0 DEOPT UNPACKING pc=0x00000253075869a3 sp=0x00000095f97f91a8 mode 2
Event: 661.578 Thread 0x00000253358e4aa0 Uncommon trap: trap_request=0xffffffbe fr.pc=0x0000025307e32534 relative=0x0000000000000cb4
Event: 661.578 Thread 0x00000253358e4aa0 Uncommon trap: reason=profile_predicate action=maybe_recompile pc=0x0000025307e32534 method=java.util.TreeMap.getEntryUsingComparator(Ljava/lang/Object;)Ljava/util/TreeMap$Entry; @ 19 c2
Event: 661.579 Thread 0x00000253358e4aa0 DEOPT PACKING pc=0x0000025307e32534 sp=0x00000095f97f5550
Event: 661.583 Thread 0x00000253358e4aa0 DEOPT UNPACKING pc=0x00000253075869a3 sp=0x00000095f97f5470 mode 2
Event: 661.643 Thread 0x00000253358e4aa0 Uncommon trap: trap_request=0xffffffbe fr.pc=0x0000025307e32534 relative=0x0000000000000cb4
Event: 661.643 Thread 0x00000253358e4aa0 Uncommon trap: reason=profile_predicate action=maybe_recompile pc=0x0000025307e32534 method=java.util.TreeMap.getEntryUsingComparator(Ljava/lang/Object;)Ljava/util/TreeMap$Entry; @ 19 c2
Event: 661.643 Thread 0x00000253358e4aa0 DEOPT PACKING pc=0x0000025307e32534 sp=0x00000095f97f5a20
Event: 661.643 Thread 0x00000253358e4aa0 DEOPT UNPACKING pc=0x00000253075869a3 sp=0x00000095f97f5940 mode 2
Event: 661.643 Thread 0x00000253358e4aa0 Uncommon trap: trap_request=0xffffffbe fr.pc=0x0000025307e32534 relative=0x0000000000000cb4
Event: 661.643 Thread 0x00000253358e4aa0 Uncommon trap: reason=profile_predicate action=maybe_recompile pc=0x0000025307e32534 method=java.util.TreeMap.getEntryUsingComparator(Ljava/lang/Object;)Ljava/util/TreeMap$Entry; @ 19 c2
Event: 661.643 Thread 0x00000253358e4aa0 DEOPT PACKING pc=0x0000025307e32534 sp=0x00000095f97f5a20
Event: 661.643 Thread 0x00000253358e4aa0 DEOPT UNPACKING pc=0x00000253075869a3 sp=0x00000095f97f5940 mode 2
Event: 661.643 Thread 0x00000253358e4aa0 Uncommon trap: trap_request=0xffffffbe fr.pc=0x0000025307e32534 relative=0x0000000000000cb4
Event: 661.643 Thread 0x00000253358e4aa0 Uncommon trap: reason=profile_predicate action=maybe_recompile pc=0x0000025307e32534 method=java.util.TreeMap.getEntryUsingComparator(Ljava/lang/Object;)Ljava/util/TreeMap$Entry; @ 19 c2
Event: 661.643 Thread 0x00000253358e4aa0 DEOPT PACKING pc=0x0000025307e32534 sp=0x00000095f97f5a20
Event: 661.666 Thread 0x00000253358e4aa0 DEOPT UNPACKING pc=0x00000253075869a3 sp=0x00000095f97f5940 mode 2
Event: 661.981 Thread 0x00000253358e4aa0 DEOPT PACKING pc=0x000002530040ed9e sp=0x00000095f97f67a0
Event: 661.981 Thread 0x00000253358e4aa0 DEOPT UNPACKING pc=0x0000025307587143 sp=0x00000095f97f5d68 mode 0

Classes unloaded (0 events):
No events

Classes redefined (0 events):
No events

Internal exceptions (20 events):
Event: 401.228 Thread 0x00000253358e4aa0 Exception <a 'java/lang/ClassNotFoundException'{0x0000000087499960}: org/gradle/api/internal/initialization/DefaultScriptHandlerBeanInfo> (0x0000000087499960) 
thrown [s\src\hotspot\share\classfile\systemDictionary.cpp, line 256]
Event: 401.228 Thread 0x00000253358e4aa0 Exception <a 'java/lang/ClassNotFoundException'{0x00000000874ab2c0}: org/gradle/api/internal/initialization/DefaultScriptHandlerCustomizer> (0x00000000874ab2c0) 
thrown [s\src\hotspot\share\classfile\systemDictionary.cpp, line 256]
Event: 401.282 Thread 0x00000253358e4aa0 Exception <a 'java/lang/ClassNotFoundException'{0x00000000853bd6e8}: org/gradle/api/internal/artifacts/dsl/DefaultRepositoryHandler_DecoratedBeanInfo> (0x00000000853bd6e8) 
thrown [s\src\hotspot\share\classfile\systemDictionary.cpp, line 256]
Event: 401.283 Thread 0x00000253358e4aa0 Exception <a 'java/lang/ClassNotFoundException'{0x00000000853d58c8}: org/gradle/api/internal/artifacts/dsl/DefaultRepositoryHandlerBeanInfo> (0x00000000853d58c8) 
thrown [s\src\hotspot\share\classfile\systemDictionary.cpp, line 256]
Event: 401.285 Thread 0x00000253358e4aa0 Exception <a 'java/lang/ClassNotFoundException'{0x00000000853ee298}: org/gradle/api/internal/artifacts/DefaultArtifactRepositoryContainerBeanInfo> (0x00000000853ee298) 
thrown [s\src\hotspot\share\classfile\systemDictionary.cpp, line 256]
Event: 401.287 Thread 0x00000253358e4aa0 Exception <a 'java/lang/ClassNotFoundException'{0x00000000852035d0}: org/gradle/api/internal/DefaultNamedDomainObjectListBeanInfo> (0x00000000852035d0) 
thrown [s\src\hotspot\share\classfile\systemDictionary.cpp, line 256]
Event: 401.290 Thread 0x00000253358e4aa0 Exception <a 'java/lang/ClassNotFoundException'{0x00000000852185f0}: org/gradle/api/internal/DefaultNamedDomainObjectCollectionBeanInfo> (0x00000000852185f0) 
thrown [s\src\hotspot\share\classfile\systemDictionary.cpp, line 256]
Event: 401.291 Thread 0x00000253358e4aa0 Exception <a 'java/lang/ClassNotFoundException'{0x000000008522d450}: org/gradle/api/internal/DefaultDomainObjectCollectionBeanInfo> (0x000000008522d450) 
thrown [s\src\hotspot\share\classfile\systemDictionary.cpp, line 256]
Event: 401.291 Thread 0x00000253358e4aa0 Exception <a 'java/lang/ClassNotFoundException'{0x00000000852423e8}: org/gradle/api/internal/DefaultDomainObjectCollectionCustomizer> (0x00000000852423e8) 
thrown [s\src\hotspot\share\classfile\systemDictionary.cpp, line 256]
Event: 401.294 Thread 0x00000253358e4aa0 Exception <a 'java/lang/ClassNotFoundException'{0x00000000852779d8}: org/gradle/api/internal/DefaultNamedDomainObjectCollectionCustomizer> (0x00000000852779d8) 
thrown [s\src\hotspot\share\classfile\systemDictionary.cpp, line 256]
Event: 401.302 Thread 0x00000253358e4aa0 Exception <a 'java/lang/ClassNotFoundException'{0x00000000852b4428}: org/gradle/api/internal/DefaultNamedDomainObjectListCustomizer> (0x00000000852b4428) 
thrown [s\src\hotspot\share\classfile\systemDictionary.cpp, line 256]
Event: 401.307 Thread 0x00000253358e4aa0 Exception <a 'java/lang/ClassNotFoundException'{0x00000000852e7928}: org/gradle/api/internal/artifacts/DefaultArtifactRepositoryContainerCustomizer> (0x00000000852e7928) 
thrown [s\src\hotspot\share\classfile\systemDictionary.cpp, line 256]
Event: 401.311 Thread 0x00000253358e4aa0 Exception <a 'java/lang/ClassNotFoundException'{0x0000000085112558}: org/gradle/api/internal/artifacts/dsl/DefaultRepositoryHandlerCustomizer> (0x0000000085112558) 
thrown [s\src\hotspot\share\classfile\systemDictionary.cpp, line 256]
Event: 401.329 Thread 0x00000253358e4aa0 Exception <a 'java/lang/ClassNotFoundException'{0x000000008514a1d8}: org/gradle/api/internal/artifacts/dsl/DefaultRepositoryHandler_DecoratedCustomizer> (0x000000008514a1d8) 
thrown [s\src\hotspot\share\classfile\systemDictionary.cpp, line 256]
Event: 401.373 Thread 0x00000253358e4aa0 Exception <a 'java/lang/ClassNotFoundException'{0x00000000851dcbd8}: org/gradle/api/internal/artifacts/dsl/dependencies/DefaultDependencyHandler_DecoratedBeanInfo> (0x00000000851dcbd8) 
thrown [s\src\hotspot\share\classfile\systemDictionary.cpp, line 256]
Event: 401.374 Thread 0x00000253358e4aa0 Exception <a 'java/lang/ClassNotFoundException'{0x00000000851f4aa0}: org/gradle/api/internal/artifacts/dsl/dependencies/DefaultDependencyHandlerBeanInfo> (0x00000000851f4aa0) 
thrown [s\src\hotspot\share\classfile\systemDictionary.cpp, line 256]
Event: 401.375 Thread 0x00000253358e4aa0 Exception <a 'java/lang/ClassNotFoundException'{0x000000008500cc08}: org/gradle/api/internal/artifacts/dsl/dependencies/DefaultDependencyHandlerCustomizer> (0x000000008500cc08) 
thrown [s\src\hotspot\share\classfile\systemDictionary.cpp, line 256]
Event: 401.380 Thread 0x00000253358e4aa0 Exception <a 'java/lang/ClassNotFoundException'{0x000000008504b8d8}: org/gradle/api/internal/artifacts/dsl/dependencies/DefaultDependencyHandler_DecoratedCustomizer> (0x000000008504b8d8) 
thrown [s\src\hotspot\share\classfile\systemDictionary.cpp, line 256]
Event: 659.027 Thread 0x00000253358e4aa0 Exception <a 'java/lang/NoSuchMethodError'{0x0000000085280128}: 'java.lang.Object java.lang.invoke.DirectMethodHandle$Holder.newInvokeSpecial(java.lang.Object, java.lang.Object, java.lang.Object, java.lang.Object, java.lang.Object, java.lang.Object, java.lang.Object, java.lang.Object, java.lang.Object)'> (0x0000000085280128) 
thrown [s\src\hotspot\share\interpreter\linkResolver.cpp, line 759]
Event: 659.048 Thread 0x00000253358e4aa0 Exception <a 'java/lang/NoSuchMethodError'{0x0000000085285dc8}: 'java.lang.Object java.lang.invoke.Invokers$Holder.linkToTargetMethod(java.lang.Object, java.lang.Object, java.lang.Object, java.lang.Object, java.lang.Object, java.lang.Object, java.lang.Object, java.lang.Object, java.lang.Object)'> (0x0000000085285dc8) 
thrown [s\src\hotspot\share\interpreter\linkResolver.cpp, line 759]

VM Operations (20 events):
Event: 627.213 Executing VM operation: Cleanup
Event: 627.213 Executing VM operation: Cleanup done
Event: 634.845 Executing VM operation: G1CollectForAllocation
Event: 634.940 Executing VM operation: G1CollectForAllocation done
Event: 635.276 Executing VM operation: G1PauseRemark
Event: 635.563 Executing VM operation: G1PauseRemark done
Event: 635.590 Executing VM operation: G1PauseCleanup
Event: 635.591 Executing VM operation: G1PauseCleanup done
Event: 641.653 Executing VM operation: Cleanup
Event: 641.653 Executing VM operation: Cleanup done
Event: 645.690 Executing VM operation: Cleanup
Event: 645.691 Executing VM operation: Cleanup done
Event: 652.757 Executing VM operation: Cleanup
Event: 652.757 Executing VM operation: Cleanup done
Event: 658.809 Executing VM operation: Cleanup
Event: 658.870 Executing VM operation: Cleanup done
Event: 659.876 Executing VM operation: Cleanup
Event: 659.891 Executing VM operation: Cleanup done
Event: 661.904 Executing VM operation: Cleanup
Event: 661.920 Executing VM operation: Cleanup done

Events (20 events):
Event: 388.309 loading class jdk/internal/access/foreign/MemorySegmentProxy done
Event: 391.175 loading class jdk/internal/loader/URLClassPath$FileLoader
Event: 391.175 loading class jdk/internal/loader/URLClassPath$FileLoader done
Event: 391.180 loading class jdk/internal/loader/URLClassPath$FileLoader$1
Event: 391.180 loading class jdk/internal/loader/URLClassPath$FileLoader$1 done
Event: 392.100 loading class java/lang/AbstractMethodError
Event: 392.100 loading class java/lang/AbstractMethodError done
Event: 392.185 loading class java/time/temporal/WeekFields
Event: 392.186 loading class java/time/temporal/WeekFields done
Event: 392.187 loading class java/time/temporal/WeekFields$ComputedDayOfField
Event: 392.191 loading class java/time/temporal/WeekFields$ComputedDayOfField done
Event: 392.202 loading class java/time/Month$1
Event: 392.202 loading class java/time/Month$1 done
Event: 392.208 loading class java/nio/channels/Channels
Event: 392.208 loading class java/nio/channels/Channels done
Event: 392.209 loading class java/nio/channels/Channels$1
Event: 392.209 loading class java/nio/channels/Channels$1 done
Event: 401.586 Thread 0x000002531582c790 Thread added: 0x000002531582c790
Event: 401.795 Thread 0x000002531585b6f0 flushing nmethod 0x0000025300a59d90
Event: 415.770 Thread 0x000002531582b350 Thread exited: 0x000002531582b350


Dynamic libraries:
0x00007ff6ec9a0000 - 0x00007ff6ec9ae000 	C:\Program Files\Microsoft\jdk-17.0.8.7-hotspot\bin\java.exe
0x00007ff892730000 - 0x00007ff892926000 	C:\Windows\SYSTEM32\ntdll.dll
0x00007ff890770000 - 0x00007ff89082d000 	C:\Windows\System32\KERNEL32.DLL
0x00007ff88ff00000 - 0x00007ff8901c8000 	C:\Windows\System32\KERNELBASE.dll
0x00007ff890330000 - 0x00007ff890430000 	C:\Windows\System32\ucrtbase.dll
0x00007ff853d00000 - 0x00007ff853d17000 	C:\Program Files\Microsoft\jdk-17.0.8.7-hotspot\bin\jli.dll
0x00007ff853d20000 - 0x00007ff853d3b000 	C:\Program Files\Microsoft\jdk-17.0.8.7-hotspot\bin\VCRUNTIME140.dll
0x00007ff891db0000 - 0x00007ff891f50000 	C:\Windows\System32\USER32.dll
0x00007ff883d60000 - 0x00007ff883ffb000 	C:\Windows\WinSxS\amd64_microsoft.windows.common-controls_6595b64144ccf1df_6.0.19041.488_none_ca04af081b815d21\COMCTL32.dll
0x00007ff890560000 - 0x00007ff890582000 	C:\Windows\System32\win32u.dll
0x00007ff891350000 - 0x00007ff89137a000 	C:\Windows\System32\GDI32.dll
0x00007ff890660000 - 0x00007ff890769000 	C:\Windows\System32\gdi32full.dll
0x00007ff8905c0000 - 0x00007ff89065d000 	C:\Windows\System32\msvcp_win.dll
0x00007ff891f70000 - 0x00007ff89200e000 	C:\Windows\System32\msvcrt.dll
0x00007ff891110000 - 0x00007ff891140000 	C:\Windows\System32\IMM32.DLL
0x00007ff853cf0000 - 0x00007ff853cfc000 	C:\Program Files\Microsoft\jdk-17.0.8.7-hotspot\bin\vcruntime140_1.dll
0x00007ff853c60000 - 0x00007ff853ced000 	C:\Program Files\Microsoft\jdk-17.0.8.7-hotspot\bin\msvcp140.dll
0x00007ff81bb20000 - 0x00007ff81c785000 	C:\Program Files\Microsoft\jdk-17.0.8.7-hotspot\bin\server\jvm.dll
0x00007ff891d00000 - 0x00007ff891daa000 	C:\Windows\System32\ADVAPI32.dll
0x00007ff890ca0000 - 0x00007ff890d3b000 	C:\Windows\System32\sechost.dll
0x00007ff891220000 - 0x00007ff891344000 	C:\Windows\System32\RPCRT4.dll
0x00007ff88f910000 - 0x00007ff88f95b000 	C:\Windows\SYSTEM32\POWRPROF.dll
0x00007ff864570000 - 0x00007ff864579000 	C:\Windows\SYSTEM32\WSOCK32.dll
0x00007ff8911a0000 - 0x00007ff89120b000 	C:\Windows\System32\WS2_32.dll
0x00007ff885ae0000 - 0x00007ff885b07000 	C:\Windows\SYSTEM32\WINMM.dll
0x00007ff885b10000 - 0x00007ff885b1a000 	C:\Windows\SYSTEM32\VERSION.dll
0x00007ff88f880000 - 0x00007ff88f892000 	C:\Windows\SYSTEM32\UMPDC.dll
0x00007ff88dd80000 - 0x00007ff88dd92000 	C:\Windows\SYSTEM32\kernel.appcore.dll
0x00007ff853c50000 - 0x00007ff853c5a000 	C:\Program Files\Microsoft\jdk-17.0.8.7-hotspot\bin\jimage.dll
0x00007ff886ca0000 - 0x00007ff886e84000 	C:\Windows\SYSTEM32\DBGHELP.DLL
0x00007ff885540000 - 0x00007ff88556c000 	C:\Windows\SYSTEM32\dbgcore.DLL
0x00007ff890430000 - 0x00007ff8904af000 	C:\Windows\System32\bcryptPrimitives.dll
0x00007ff853c20000 - 0x00007ff853c45000 	C:\Program Files\Microsoft\jdk-17.0.8.7-hotspot\bin\java.dll
0x00007ff84cad0000 - 0x00007ff84cba7000 	C:\Program Files\Microsoft\jdk-17.0.8.7-hotspot\bin\jsvml.dll
0x00007ff891390000 - 0x00007ff891ad0000 	C:\Windows\System32\SHELL32.dll
0x00007ff88dfa0000 - 0x00007ff88e734000 	C:\Windows\SYSTEM32\windows.storage.dll
0x00007ff892360000 - 0x00007ff8926b5000 	C:\Windows\System32\combase.dll
0x00007ff88f850000 - 0x00007ff88f87c000 	C:\Windows\SYSTEM32\Wldp.dll
0x00007ff8920e0000 - 0x00007ff89218e000 	C:\Windows\System32\SHCORE.dll
0x00007ff890d40000 - 0x00007ff890d95000 	C:\Windows\System32\shlwapi.dll
0x00007ff88fd80000 - 0x00007ff88fda6000 	C:\Windows\SYSTEM32\profapi.dll
0x00007ff853c00000 - 0x00007ff853c19000 	C:\Program Files\Microsoft\jdk-17.0.8.7-hotspot\bin\net.dll
0x00007ff88b5f0000 - 0x00007ff88b6f0000 	C:\Windows\SYSTEM32\WINHTTP.dll
0x00007ff88f5d0000 - 0x00007ff88f63a000 	C:\Windows\system32\mswsock.dll
0x00007ff853be0000 - 0x00007ff853bf6000 	C:\Program Files\Microsoft\jdk-17.0.8.7-hotspot\bin\nio.dll
0x00007ff853bc0000 - 0x00007ff853bd8000 	C:\Program Files\Microsoft\jdk-17.0.8.7-hotspot\bin\zip.dll
0x00007ff84d070000 - 0x00007ff84d080000 	C:\Program Files\Microsoft\jdk-17.0.8.7-hotspot\bin\verify.dll
0x00007ff83de50000 - 0x00007ff83de77000 	C:\Users\User\.gradle\native\68d5fa5c4cc2d200863cafc0d521ce42e7d3e7ee720ec0a83991735586a16f82\windows-amd64\native-platform.dll
0x00007ff83ca30000 - 0x00007ff83cb74000 	C:\Users\User\.gradle\native\e376f236ea51e6404a007f0833ffe2c6e607c4080706a723a18a27aeea778392\windows-amd64\native-platform-file-events.dll
0x00007ff84ce30000 - 0x00007ff84ce39000 	C:\Program Files\Microsoft\jdk-17.0.8.7-hotspot\bin\management.dll
0x00007ff84ca20000 - 0x00007ff84ca2b000 	C:\Program Files\Microsoft\jdk-17.0.8.7-hotspot\bin\management_ext.dll
0x00007ff891210000 - 0x00007ff891218000 	C:\Windows\System32\PSAPI.DLL
0x00007ff88f7a0000 - 0x00007ff88f7b8000 	C:\Windows\SYSTEM32\CRYPTSP.dll
0x00007ff88ef60000 - 0x00007ff88ef94000 	C:\Windows\system32\rsaenh.dll
0x00007ff890590000 - 0x00007ff8905b7000 	C:\Windows\System32\bcrypt.dll
0x00007ff88fd40000 - 0x00007ff88fd6e000 	C:\Windows\SYSTEM32\USERENV.dll
0x00007ff88f7c0000 - 0x00007ff88f7cc000 	C:\Windows\SYSTEM32\CRYPTBASE.dll
0x00007ff88f2c0000 - 0x00007ff88f2fb000 	C:\Windows\SYSTEM32\IPHLPAPI.DLL
0x00007ff891b60000 - 0x00007ff891b69000 	C:\Windows\System32\NSI.dll
0x00007ff889740000 - 0x00007ff889757000 	C:\Windows\SYSTEM32\dhcpcsvc6.DLL
0x00007ff889830000 - 0x00007ff88984d000 	C:\Windows\SYSTEM32\dhcpcsvc.DLL
0x00007ff88f300000 - 0x00007ff88f3cb000 	C:\Windows\SYSTEM32\DNSAPI.dll
0x00007ff84c9a0000 - 0x00007ff84c9ae000 	C:\Program Files\Microsoft\jdk-17.0.8.7-hotspot\bin\sunmscapi.dll
0x00007ff8901d0000 - 0x00007ff89032d000 	C:\Windows\System32\CRYPT32.dll
0x00007ff88f8e0000 - 0x00007ff88f907000 	C:\Windows\SYSTEM32\ncrypt.dll
0x00007ff88f8a0000 - 0x00007ff88f8db000 	C:\Windows\SYSTEM32\NTASN1.dll
0x00007ff85d7d0000 - 0x00007ff85d7d7000 	C:\Windows\system32\wshunix.dll

dbghelp: loaded successfully - version: 4.0.5 - missing functions: none
symbol engine: initialized successfully - sym options: 0x614 - pdb path: .;C:\Program Files\Microsoft\jdk-17.0.8.7-hotspot\bin;C:\Windows\SYSTEM32;C:\Windows\WinSxS\amd64_microsoft.windows.common-controls_6595b64144ccf1df_6.0.19041.488_none_ca04af081b815d21;C:\Program Files\Microsoft\jdk-17.0.8.7-hotspot\bin\server;C:\Users\User\.gradle\native\68d5fa5c4cc2d200863cafc0d521ce42e7d3e7ee720ec0a83991735586a16f82\windows-amd64;C:\Users\User\.gradle\native\e376f236ea51e6404a007f0833ffe2c6e607c4080706a723a18a27aeea778392\windows-amd64

VM Arguments:
jvm_args: -XX:MaxMetaspaceSize=512m --add-opens=java.base/java.util=ALL-UNNAMED --add-opens=java.base/java.lang=ALL-UNNAMED --add-opens=java.base/java.lang.invoke=ALL-UNNAMED --add-opens=java.prefs/java.util.prefs=ALL-UNNAMED --add-opens=java.base/java.nio.charset=ALL-UNNAMED --add-opens=java.base/java.net=ALL-UNNAMED --add-opens=java.base/java.util.concurrent.atomic=ALL-UNNAMED -Xmx2048m -Dfile.encoding=GBK -Duser.country=GB -Duser.language=en -Duser.variant 
java_command: org.gradle.launcher.daemon.bootstrap.GradleDaemon 8.0.1
java_class_path (initial): C:\Users\User\.gradle\wrapper\dists\gradle-8.0.1-all\aro4hu1c3oeioove7l0i4i14o\gradle-8.0.1\lib\gradle-launcher-8.0.1.jar
Launcher Type: SUN_STANDARD

[Global flags]
     intx CICompilerCount                          = 3                                         {product} {ergonomic}
   size_t CompressedClassSpaceSize                 = 436207616                                 {product} {ergonomic}
     uint ConcGCThreads                            = 2                                         {product} {ergonomic}
     uint G1ConcRefinementThreads                  = 6                                         {product} {ergonomic}
   size_t G1HeapRegionSize                         = 1048576                                   {product} {ergonomic}
    uintx GCDrainStackTargetSize                   = 64                                        {product} {ergonomic}
   size_t InitialHeapSize                          = 123731968                                 {product} {ergonomic}
   size_t MarkStackSize                            = 4194304                                   {product} {ergonomic}
   size_t MaxHeapSize                              = 2147483648                                {product} {command line}
   size_t MaxMetaspaceSize                         = 536870912                                 {product} {command line}
   size_t MaxNewSize                               = 1287651328                                {product} {ergonomic}
   size_t MinHeapDeltaBytes                        = 1048576                                   {product} {ergonomic}
   size_t MinHeapSize                              = 8388608                                   {product} {ergonomic}
    uintx NonNMethodCodeHeapSize                   = 5832780                                {pd product} {ergonomic}
    uintx NonProfiledCodeHeapSize                  = 122912730                              {pd product} {ergonomic}
    uintx ProfiledCodeHeapSize                     = 122912730                              {pd product} {ergonomic}
    uintx ReservedCodeCacheSize                    = 251658240                              {pd product} {ergonomic}
     bool SegmentedCodeCache                       = true                                      {product} {ergonomic}
   size_t SoftMaxHeapSize                          = 2147483648                             {manageable} {ergonomic}
     bool UseCompressedClassPointers               = true                           {product lp64_product} {ergonomic}
     bool UseCompressedOops                        = true                           {product lp64_product} {ergonomic}
     bool UseG1GC                                  = true                                      {product} {ergonomic}
     bool UseLargePagesIndividualAllocation        = false                                  {pd product} {ergonomic}

Logging:
Log output configuration:
 #0: stdout all=warning uptime,level,tags
 #1: stderr all=off uptime,level,tags

Environment Variables:
JAVA_HOME=C:\Program Files\Microsoft\jdk-17.0.8.7-hotspot\
CLASSPATH=C:\Users\User\CJOPProject\android\\gradle\wrapper\gradle-wrapper.jar
PATH=C:\Users\User\CJOPProject\node_modules\.bin;C:\Users\User\CJOPProject\node_modules\.bin;C:\Users\User\node_modules\.bin;C:\Users\node_modules\.bin;C:\node_modules\.bin;C:\Program Files\nodejs\node_modules\npm\node_modules\@npmcli\run-script\lib\node-gyp-bin;C:\Users\User\CJOPProject\node_modules\.bin;C:\Users\User\node_modules\.bin;C:\Users\node_modules\.bin;C:\node_modules\.bin;C:\Program Files\nodejs\node_modules\npm\node_modules\@npmcli\run-script\lib\node-gyp-bin;C:\Program Files\Eclipse Adoptium\jdk-17.0.8.7-hotspot\bin;C:\Program Files\Microsoft\jdk-17.0.8.7-hotspot\bin;C:\Program Files\Eclipse Adoptium\jdk-11.0.20.8-hotspot\bin;C:\Python311\Scripts\;C:\Python311\;C:\Program Files\Common Files\Oracle\Java\javapath;C:\Program Files (x86)\Common Files\Intel\Shared Libraries\redist\intel64\compiler;C:\Program Files\AdoptOpenJDK\jre-8.0.282.8-hotspot\bin;C:\Program Files\AdoptOpenJDK\jre-11.0.10.9-hotspot\bin;C:\Program Files (x86)\AdoptOpenJDK\jre-8.0.282.8-hotspot\bin;C:\Windows\system32;C:\Windows;C:\Windows\System32\Wbem;C:\Windows\System32\WindowsPowerShell\v1.0\;C:\Windows\System32\OpenSSH\;C:\Program Files\Microsoft SQL Server\150\Tools\Binn\;C:\Program Files\Microsoft SQL Server\Client SDK\ODBC\170\Tools\Binn\;C:\Program Files\dotnet\;C:\Program Files\Git\cmd;C:\flutter\bin;C:\dart-sdk;C:\dart-sdk\bin;C:\flutter;C:\Program Files\nodejs\;C:\ProgramData\chocolatey\bin;C:\Users\User\AppData\Local\Android\Sdk;C:\Users\User\AppData\Local\Microsoft\WindowsApps;C:\Users\User\AppData\Local\Programs\Microsoft VS Code\bin;C:\Users\User\.dotnet\tools;C:\Users\User\AppData\Local\GitHubDesktop\bin;C:\flutter\bin;C:\Users\User\AppData\Roaming\npm;C:\Users\User\AppData\Local\Android\Sdk\platform-tools;
USERNAME=User
OS=Windows_NT
PROCESSOR_IDENTIFIER=AMD64 Family 23 Model 96 Stepping 1, AuthenticAMD
TMP=C:\Users\User\AppData\Local\Temp
TEMP=C:\Users\User\AppData\Local\Temp



---------------  S Y S T E M  ---------------

OS:
 Windows 10 , 64 bit Build 19041 (10.0.19041.546)
OS uptime: 0 days 0:30 hours

CPU: total 6 (initial active 6) (6 cores per cpu, 1 threads per core) family 23 model 96 stepping 1 microcode 0x0, cx8, cmov, fxsr, mmx, 3dnowpref, sse, sse2, sse3, ssse3, sse4a, sse4.1, sse4.2, popcnt, lzcnt, tsc, tscinvbit, avx, avx2, aes, clmul, bmi1, bmi2, adx, sha, fma, vzeroupper, clflush, clflushopt
Processor Information for all 6 processors :
  Max Mhz: 2375, Current Mhz: 2375, Mhz Limit: 2375

Memory: 4k page, system-wide physical 7549M (204M free)
TotalPageFile size 31101M (AvailPageFile size 4M)
current process WorkingSet (physical memory assigned to process): 168M, peak: 224M
current process commit charge ("private bytes"): 310M, peak: 312M

vm_info: OpenJDK 64-Bit Server VM (17.0.8+7-LTS) for windows-amd64 JRE (17.0.8+7-LTS), built on Jul  7 2023 17:21:55 by "MicrosoftCorporation" with MS VC++ 16.10 / 16.11 (VS2019)

END.
